<?xml version="1.0" encoding="UTF-8"?>
<!-- Generated by org.testng.reporters.JUnitXMLReporter -->
<testsuite hostname="ULTRABOOK" name="LocalTest" tests="3" failures="0" timestamp="14 Sep 2020 08:55:32 GMT" time="116.924" errors="0">
  <testcase name="login" time="34.316" classname="com.driverScripts.NewTest"/>
  <testcase name="openTest" time="30.703" classname="com.driverScripts.NewTest"/>
  <testcase name="attemptTest" time="36.815" classname="com.driverScripts.NewTest"/>
</testsuite> <!-- LocalTest -->
